<?xml version="1.0" encoding="UTF-8" standalone="no"?>
<!DOCTYPE log SYSTEM "logger.dtd">
<log>
<record>
  <date>2020-09-29T10:19:54.851-0300</date>
  <logger>HOLLIVER DE OLIVEIRA COSTA</logger>
  <level>FINE</level>
  <message>File 118210493-HOLLIVER DE OLIVEIRA COSTA.zip was received. It was sent by HOLLIVER DE OLIVEIRA COSTA from IP 192.168.1.9 at 29-09-2020 10*19*54</message>
</record>
</log>
<?xml version="1.0" encoding="UTF-8" standalone="no"?>
<!DOCTYPE log SYSTEM "logger.dtd">
<log>
<record>
  <date>2020-10-04T17:28:04.084-0300</date>
  <logger>HOLLIVER DE OLIVEIRA COSTA</logger>
  <level>FINE</level>
  <message>File 118210493-HOLLIVER DE OLIVEIRA COSTA.zip was received. It was sent by HOLLIVER DE OLIVEIRA COSTA from IP 192.168.1.2 at 04-10-2020 17*28*04</message>
</record>
</log>
<?xml version="1.0" encoding="UTF-8" standalone="no"?>
<!DOCTYPE log SYSTEM "logger.dtd">
<log>
<record>
  <date>2020-10-04T23:41:16.211-0300</date>
  <logger>HOLLIVER DE OLIVEIRA COSTA</logger>
  <level>FINE</level>
  <message>File 118210493-HOLLIVER DE OLIVEIRA COSTA.zip was received. It was sent by HOLLIVER DE OLIVEIRA COSTA from IP 192.168.1.14 at 04-10-2020 23*41*16</message>
</record>
</log>
<?xml version="1.0" encoding="UTF-8" standalone="no"?>
<!DOCTYPE log SYSTEM "logger.dtd">
<log>
<record>
  <date>2020-10-04T23:46:27.894-0300</date>
  <logger>HOLLIVER DE OLIVEIRA COSTA</logger>
  <level>FINE</level>
  <message>File 118210493-HOLLIVER DE OLIVEIRA COSTA.zip was received. It was sent by HOLLIVER DE OLIVEIRA COSTA from IP 192.168.1.14 at 04-10-2020 23*46*27</message>
</record>
</log>
<?xml version="1.0" encoding="UTF-8" standalone="no"?>
<!DOCTYPE log SYSTEM "logger.dtd">
<log>
<record>
  <date>2020-10-04T23:59:46.409-0300</date>
  <logger>HOLLIVER DE OLIVEIRA COSTA</logger>
  <level>FINE</level>
  <message>File 118210493-HOLLIVER DE OLIVEIRA COSTA.zip was received. It was sent by HOLLIVER DE OLIVEIRA COSTA from IP 192.168.1.14 at 04-10-2020 23*59*46</message>
</record>
